  20240111_point5.cpp
C:\202315024 미래모빌리티공학과 원유빈\HL만도 소프트웨어\2024_1.2~1.12\20240111\20240111_point5\20240111_point5\20240111_point5.cpp(12,9): warning C4477: 'printf' : 서식 문자열 '%u'에 'unsigned int' 형식의 인수가 필요하지만 variadic 인수 1의 형식이 'char *'입니다.
C:\202315024 미래모빌리티공학과 원유빈\HL만도 소프트웨어\2024_1.2~1.12\20240111\20240111_point5\20240111_point5\20240111_point5.cpp(12,9): warning C4313: 'printf': 서식 문자열의 '%u'이(가) char *' 형식의 인수 1과(와) 충돌합니다.
C:\202315024 미래모빌리티공학과 원유빈\HL만도 소프트웨어\2024_1.2~1.12\20240111\20240111_point5\20240111_point5\20240111_point5.cpp(12,9): warning C4477: 'printf' : 서식 문자열 '%u'에 'unsigned int' 형식의 인수가 필요하지만 variadic 인수 2의 형식이 'char *'입니다.
C:\202315024 미래모빌리티공학과 원유빈\HL만도 소프트웨어\2024_1.2~1.12\20240111\20240111_point5\20240111_point5\20240111_point5.cpp(12,9): warning C4313: 'printf': 서식 문자열의 '%u'이(가) char *' 형식의 인수 2과(와) 충돌합니다.
C:\202315024 미래모빌리티공학과 원유빈\HL만도 소프트웨어\2024_1.2~1.12\20240111\20240111_point5\20240111_point5\20240111_point5.cpp(12,9): warning C4477: 'printf' : 서식 문자열 '%u'에 'unsigned int' 형식의 인수가 필요하지만 variadic 인수 3의 형식이 'char *'입니다.
C:\202315024 미래모빌리티공학과 원유빈\HL만도 소프트웨어\2024_1.2~1.12\20240111\20240111_point5\20240111_point5\20240111_point5.cpp(12,9): warning C4313: 'printf': 서식 문자열의 '%u'이(가) char *' 형식의 인수 3과(와) 충돌합니다.
C:\202315024 미래모빌리티공학과 원유빈\HL만도 소프트웨어\2024_1.2~1.12\20240111\20240111_point5\20240111_point5\20240111_point5.cpp(13,9): warning C4477: 'printf' : 서식 문자열 '%u'에 'unsigned int' 형식의 인수가 필요하지만 variadic 인수 1의 형식이 'int *'입니다.
C:\202315024 미래모빌리티공학과 원유빈\HL만도 소프트웨어\2024_1.2~1.12\20240111\20240111_point5\20240111_point5\20240111_point5.cpp(13,9): warning C4313: 'printf': 서식 문자열의 '%u'이(가) int *' 형식의 인수 1과(와) 충돌합니다.
C:\202315024 미래모빌리티공학과 원유빈\HL만도 소프트웨어\2024_1.2~1.12\20240111\20240111_point5\20240111_point5\20240111_point5.cpp(13,9): warning C4477: 'printf' : 서식 문자열 '%u'에 'unsigned int' 형식의 인수가 필요하지만 variadic 인수 2의 형식이 'int *'입니다.
C:\202315024 미래모빌리티공학과 원유빈\HL만도 소프트웨어\2024_1.2~1.12\20240111\20240111_point5\20240111_point5\20240111_point5.cpp(13,9): warning C4313: 'printf': 서식 문자열의 '%u'이(가) int *' 형식의 인수 2과(와) 충돌합니다.
C:\202315024 미래모빌리티공학과 원유빈\HL만도 소프트웨어\2024_1.2~1.12\20240111\20240111_point5\20240111_point5\20240111_point5.cpp(13,9): warning C4477: 'printf' : 서식 문자열 '%u'에 'unsigned int' 형식의 인수가 필요하지만 variadic 인수 3의 형식이 'int *'입니다.
C:\202315024 미래모빌리티공학과 원유빈\HL만도 소프트웨어\2024_1.2~1.12\20240111\20240111_point5\20240111_point5\20240111_point5.cpp(13,9): warning C4313: 'printf': 서식 문자열의 '%u'이(가) int *' 형식의 인수 3과(와) 충돌합니다.
C:\202315024 미래모빌리티공학과 원유빈\HL만도 소프트웨어\2024_1.2~1.12\20240111\20240111_point5\20240111_point5\20240111_point5.cpp(14,9): warning C4477: 'printf' : 서식 문자열 '%u'에 'unsigned int' 형식의 인수가 필요하지만 variadic 인수 1의 형식이 'double *'입니다.
C:\202315024 미래모빌리티공학과 원유빈\HL만도 소프트웨어\2024_1.2~1.12\20240111\20240111_point5\20240111_point5\20240111_point5.cpp(14,9): warning C4313: 'printf': 서식 문자열의 '%u'이(가) double *' 형식의 인수 1과(와) 충돌합니다.
C:\202315024 미래모빌리티공학과 원유빈\HL만도 소프트웨어\2024_1.2~1.12\20240111\20240111_point5\20240111_point5\20240111_point5.cpp(14,9): warning C4477: 'printf' : 서식 문자열 '%u'에 'unsigned int' 형식의 인수가 필요하지만 variadic 인수 2의 형식이 'double *'입니다.
C:\202315024 미래모빌리티공학과 원유빈\HL만도 소프트웨어\2024_1.2~1.12\20240111\20240111_point5\20240111_point5\20240111_point5.cpp(14,9): warning C4313: 'printf': 서식 문자열의 '%u'이(가) double *' 형식의 인수 2과(와) 충돌합니다.
C:\202315024 미래모빌리티공학과 원유빈\HL만도 소프트웨어\2024_1.2~1.12\20240111\20240111_point5\20240111_point5\20240111_point5.cpp(14,9): warning C4477: 'printf' : 서식 문자열 '%u'에 'unsigned int' 형식의 인수가 필요하지만 variadic 인수 3의 형식이 'double *'입니다.
C:\202315024 미래모빌리티공학과 원유빈\HL만도 소프트웨어\2024_1.2~1.12\20240111\20240111_point5\20240111_point5\20240111_point5.cpp(14,9): warning C4313: 'printf': 서식 문자열의 '%u'이(가) double *' 형식의 인수 3과(와) 충돌합니다.
  20240111_point5.vcxproj -> C:\202315024 미래모빌리티공학과 원유빈\HL만도 소프트웨어\2024_1.2~1.12\20240111\20240111_point5\x64\Debug\20240111_point5.exe
